[debug] [2023-09-29T16:18:08.326Z] ----------------------------------------------------------------------
[debug] [2023-09-29T16:18:08.327Z] Command:       /usr/local/bin/node /usr/local/bin/firebase deploy --only hosting:johnlin-beta
[debug] [2023-09-29T16:18:08.327Z] CLI Version:   12.5.4
[debug] [2023-09-29T16:18:08.327Z] Platform:      darwin
[debug] [2023-09-29T16:18:08.327Z] Node Version:  v18.13.0
[debug] [2023-09-29T16:18:08.330Z] Time:          Sat Sep 30 2023 00:18:08 GMT+0800 (台北標準時間)
[debug] [2023-09-29T16:18:08.330Z] ----------------------------------------------------------------------
[debug] 
[debug] [2023-09-29T16:18:08.362Z] > command requires scopes: ["email","openid","https://www.googleapis.com/auth/cloudplatformprojects.readonly","https://www.googleapis.com/auth/firebase","https://www.googleapis.com/auth/cloud-platform"]
[debug] [2023-09-29T16:18:08.362Z] > authorizing via signed-in user (johno1001741060168@gmail.com)
[debug] [2023-09-29T16:18:08.362Z] [iam] checking project johnlin10-web for permissions ["firebase.projects.get","firebasehosting.sites.update"]
[debug] [2023-09-29T16:18:08.363Z] >>> [apiv2][query] POST https://cloudresourcemanager.googleapis.com/v1/projects/johnlin10-web:testIamPermissions [none]
[debug] [2023-09-29T16:18:08.363Z] >>> [apiv2][(partial)header] POST https://cloudresourcemanager.googleapis.com/v1/projects/johnlin10-web:testIamPermissions x-goog-quota-user=projects/johnlin10-web
[debug] [2023-09-29T16:18:08.364Z] >>> [apiv2][body] POST https://cloudresourcemanager.googleapis.com/v1/projects/johnlin10-web:testIamPermissions {"permissions":["firebase.projects.get","firebasehosting.sites.update"]}
[debug] [2023-09-29T16:18:09.322Z] <<< [apiv2][status] POST https://cloudresourcemanager.googleapis.com/v1/projects/johnlin10-web:testIamPermissions 200
[debug] [2023-09-29T16:18:09.323Z] <<< [apiv2][body] POST https://cloudresourcemanager.googleapis.com/v1/projects/johnlin10-web:testIamPermissions {"permissions":["firebase.projects.get","firebasehosting.sites.update"]}
[debug] [2023-09-29T16:18:09.323Z] >>> [apiv2][query] GET https://firebase.googleapis.com/v1beta1/projects/johnlin10-web [none]
[debug] [2023-09-29T16:18:10.306Z] <<< [apiv2][status] GET https://firebase.googleapis.com/v1beta1/projects/johnlin10-web 200
[debug] [2023-09-29T16:18:10.307Z] <<< [apiv2][body] GET https://firebase.googleapis.com/v1beta1/projects/johnlin10-web {"projectId":"johnlin10-web","projectNumber":"773206161854","displayName":"johnlin10-web","name":"projects/johnlin10-web","resources":{"hostingSite":"johnlin10-web","storageBucket":"johnlin10-web.appspot.com","locationId":"asia-east1"},"state":"ACTIVE","etag":"1_55bd8ef1-91be-4194-991c-6f4fffd83bf7"}
[info] 
[info] === Deploying to 'johnlin10-web'...
[info] 
[info] i  deploying hosting 
[debug] [2023-09-29T16:18:10.314Z] >>> [apiv2][query] POST https://firebasehosting.googleapis.com/v1beta1/projects/-/sites/johnlin-beta/versions [none]
[debug] [2023-09-29T16:18:10.314Z] >>> [apiv2][body] POST https://firebasehosting.googleapis.com/v1beta1/projects/-/sites/johnlin-beta/versions {"status":"CREATED","labels":{"deployment-tool":"cli-firebase"}}
[debug] [2023-09-29T16:18:12.704Z] <<< [apiv2][status] POST https://firebasehosting.googleapis.com/v1beta1/projects/-/sites/johnlin-beta/versions 200
[debug] [2023-09-29T16:18:12.704Z] <<< [apiv2][body] POST https://firebasehosting.googleapis.com/v1beta1/projects/-/sites/johnlin-beta/versions {"name":"projects/773206161854/sites/johnlin-beta/versions/8ae37b3e0f352785","status":"CREATED","config":{},"labels":{"deployment-tool":"cli-firebase"}}
[info] i  hosting[johnlin-beta]: beginning deploy... 
[info] i  hosting[johnlin-beta]: found 14 files in build 
[debug] [2023-09-29T16:18:12.717Z] [hosting] uploading with 200 concurrency
[debug] [2023-09-29T16:18:13.943Z] [hosting] hash cache [YnVpbGQ] stored for 14 files
[debug] [2023-09-29T16:18:13.943Z] [hosting][hash queue][FINAL] {"max":1216,"min":7,"avg":106.78571428571429,"active":0,"complete":14,"success":14,"errored":0,"retried":0,"total":14,"elapsed":1222}
[debug] [2023-09-29T16:18:13.944Z] >>> [apiv2][query] POST https://firebasehosting.googleapis.com/v1beta1/projects/773206161854/sites/johnlin-beta/versions/8ae37b3e0f352785:populateFiles [none]
[debug] [2023-09-29T16:18:13.944Z] >>> [apiv2][body] POST https://firebasehosting.googleapis.com/v1beta1/projects/773206161854/sites/johnlin-beta/versions/8ae37b3e0f352785:populateFiles {"files":{"/asset-manifest.json":"dbaa5c543664e5998daa3bd78fabe4cbbb4edcfb0433afef163f61bd46aa4daf","/service-worker.js.LICENSE.txt":"5bcf7ad56e14554ea655f13f3a79ddf6fb23a153bf6028e5bfea9a7a6cd9154d","/index.html":"995f0b44ba042fabf28680f571111a1fa1616f323ae84c7e13c27e8f6eaa1592","/theme.css":"9e269827ab9acf5604bb4a20ad77d9e47b87b1d05be937b54168b9a9ef16454d","/manifest.json":"fca84caa2d9af0ca9c2b84ce645ba2968c4d7a3d37553106c4c762ac4762e70d","/static/css/main.1dd9fb67.css":"0bfc5c88296dac4219a3e63a24fdb18d9f4216ff09ff3b83c4b953dccaf5d45d","/static/js/main.ecb34dd8.js.LICENSE.txt":"022e2c4795078fca47108558ec8bcd64d77c0b34167d713daea8cf1626971389","/service-worker.js":"8ce802d9aafac4454e09e237aac9817709945ebda6ed47848eaee1a72b246409","/static/css/main.1dd9fb67.css.map":"05612de5c68840dfa57b468067829985e4d5fa2c0a31f0dcfd4700b1f81ae279","/static/js/main.ecb34dd8.js":"52a4e550d95c1307c9c7b67846870e20aa3f029006eb75fbe78d7672e8a08e36","/images/HomeBackground/HomeBackground.001.png":"51af83b605f9e07a5f94a91e5250ac04b1849aae2a0edb9da00cf4de8259af2a","/service-worker.js.map":"5962425d970cd6302341fb7b53d390896bf7e886e09067858d167c3776017f95","/static/js/main.ecb34dd8.js.map":"a01ca160e8a4e909577caa2afa70a8790814cf1d9fdff9c7257657c0e7683195","/assets/music.wav":"94b0ac9dfb332d40fc4fd4063567b89907ab1ae4a3df16cc48996121539ea209"}}
[debug] [2023-09-29T16:18:14.460Z] <<< [apiv2][status] POST https://firebasehosting.googleapis.com/v1beta1/projects/773206161854/sites/johnlin-beta/versions/8ae37b3e0f352785:populateFiles 200
[debug] [2023-09-29T16:18:14.460Z] <<< [apiv2][body] POST https://firebasehosting.googleapis.com/v1beta1/projects/773206161854/sites/johnlin-beta/versions/8ae37b3e0f352785:populateFiles {"uploadRequiredHashes":["52a4e550d95c1307c9c7b67846870e20aa3f029006eb75fbe78d7672e8a08e36","dbaa5c543664e5998daa3bd78fabe4cbbb4edcfb0433afef163f61bd46aa4daf","94b0ac9dfb332d40fc4fd4063567b89907ab1ae4a3df16cc48996121539ea209","0bfc5c88296dac4219a3e63a24fdb18d9f4216ff09ff3b83c4b953dccaf5d45d","995f0b44ba042fabf28680f571111a1fa1616f323ae84c7e13c27e8f6eaa1592","05612de5c68840dfa57b468067829985e4d5fa2c0a31f0dcfd4700b1f81ae279","a01ca160e8a4e909577caa2afa70a8790814cf1d9fdff9c7257657c0e7683195","8ce802d9aafac4454e09e237aac9817709945ebda6ed47848eaee1a72b246409"],"uploadUrl":"https://upload-firebasehosting.googleapis.com/upload/sites/johnlin-beta/versions/8ae37b3e0f352785/files"}
[debug] [2023-09-29T16:18:14.462Z] >>> [apiv2][query] POST https://upload-firebasehosting.googleapis.com/upload/sites/johnlin-beta/versions/8ae37b3e0f352785/files/52a4e550d95c1307c9c7b67846870e20aa3f029006eb75fbe78d7672e8a08e36 [none]
[debug] [2023-09-29T16:18:14.462Z] >>> [apiv2][body] POST https://upload-firebasehosting.googleapis.com/upload/sites/johnlin-beta/versions/8ae37b3e0f352785/files/52a4e550d95c1307c9c7b67846870e20aa3f029006eb75fbe78d7672e8a08e36 [stream]
[debug] [2023-09-29T16:18:14.463Z] >>> [apiv2][query] POST https://upload-firebasehosting.googleapis.com/upload/sites/johnlin-beta/versions/8ae37b3e0f352785/files/dbaa5c543664e5998daa3bd78fabe4cbbb4edcfb0433afef163f61bd46aa4daf [none]
[debug] [2023-09-29T16:18:14.464Z] >>> [apiv2][body] POST https://upload-firebasehosting.googleapis.com/upload/sites/johnlin-beta/versions/8ae37b3e0f352785/files/dbaa5c543664e5998daa3bd78fabe4cbbb4edcfb0433afef163f61bd46aa4daf [stream]
[debug] [2023-09-29T16:18:14.465Z] >>> [apiv2][query] POST https://upload-firebasehosting.googleapis.com/upload/sites/johnlin-beta/versions/8ae37b3e0f352785/files/94b0ac9dfb332d40fc4fd4063567b89907ab1ae4a3df16cc48996121539ea209 [none]
[debug] [2023-09-29T16:18:14.465Z] >>> [apiv2][body] POST https://upload-firebasehosting.googleapis.com/upload/sites/johnlin-beta/versions/8ae37b3e0f352785/files/94b0ac9dfb332d40fc4fd4063567b89907ab1ae4a3df16cc48996121539ea209 [stream]
[debug] [2023-09-29T16:18:14.465Z] >>> [apiv2][query] POST https://upload-firebasehosting.googleapis.com/upload/sites/johnlin-beta/versions/8ae37b3e0f352785/files/0bfc5c88296dac4219a3e63a24fdb18d9f4216ff09ff3b83c4b953dccaf5d45d [none]
[debug] [2023-09-29T16:18:14.465Z] >>> [apiv2][body] POST https://upload-firebasehosting.googleapis.com/upload/sites/johnlin-beta/versions/8ae37b3e0f352785/files/0bfc5c88296dac4219a3e63a24fdb18d9f4216ff09ff3b83c4b953dccaf5d45d [stream]
[debug] [2023-09-29T16:18:14.466Z] >>> [apiv2][query] POST https://upload-firebasehosting.googleapis.com/upload/sites/johnlin-beta/versions/8ae37b3e0f352785/files/995f0b44ba042fabf28680f571111a1fa1616f323ae84c7e13c27e8f6eaa1592 [none]
[debug] [2023-09-29T16:18:14.466Z] >>> [apiv2][body] POST https://upload-firebasehosting.googleapis.com/upload/sites/johnlin-beta/versions/8ae37b3e0f352785/files/995f0b44ba042fabf28680f571111a1fa1616f323ae84c7e13c27e8f6eaa1592 [stream]
[debug] [2023-09-29T16:18:14.467Z] >>> [apiv2][query] POST https://upload-firebasehosting.googleapis.com/upload/sites/johnlin-beta/versions/8ae37b3e0f352785/files/05612de5c68840dfa57b468067829985e4d5fa2c0a31f0dcfd4700b1f81ae279 [none]
[debug] [2023-09-29T16:18:14.467Z] >>> [apiv2][body] POST https://upload-firebasehosting.googleapis.com/upload/sites/johnlin-beta/versions/8ae37b3e0f352785/files/05612de5c68840dfa57b468067829985e4d5fa2c0a31f0dcfd4700b1f81ae279 [stream]
[debug] [2023-09-29T16:18:14.468Z] >>> [apiv2][query] POST https://upload-firebasehosting.googleapis.com/upload/sites/johnlin-beta/versions/8ae37b3e0f352785/files/a01ca160e8a4e909577caa2afa70a8790814cf1d9fdff9c7257657c0e7683195 [none]
[debug] [2023-09-29T16:18:14.468Z] >>> [apiv2][body] POST https://upload-firebasehosting.googleapis.com/upload/sites/johnlin-beta/versions/8ae37b3e0f352785/files/a01ca160e8a4e909577caa2afa70a8790814cf1d9fdff9c7257657c0e7683195 [stream]
[debug] [2023-09-29T16:18:14.468Z] >>> [apiv2][query] POST https://upload-firebasehosting.googleapis.com/upload/sites/johnlin-beta/versions/8ae37b3e0f352785/files/8ce802d9aafac4454e09e237aac9817709945ebda6ed47848eaee1a72b246409 [none]
[debug] [2023-09-29T16:18:14.468Z] >>> [apiv2][body] POST https://upload-firebasehosting.googleapis.com/upload/sites/johnlin-beta/versions/8ae37b3e0f352785/files/8ce802d9aafac4454e09e237aac9817709945ebda6ed47848eaee1a72b246409 [stream]
[debug] [2023-09-29T16:18:14.469Z] [hosting][populate queue][FINAL] {"max":522,"min":522,"avg":522,"active":0,"complete":1,"success":1,"errored":0,"retried":0,"total":1,"elapsed":529}
[debug] [2023-09-29T16:18:14.469Z] [hosting] uploads queued: 8
[debug] [2023-09-29T16:18:15.505Z] <<< [apiv2][status] POST https://upload-firebasehosting.googleapis.com/upload/sites/johnlin-beta/versions/8ae37b3e0f352785/files/8ce802d9aafac4454e09e237aac9817709945ebda6ed47848eaee1a72b246409 200
[debug] [2023-09-29T16:18:15.505Z] <<< [apiv2][body] POST https://upload-firebasehosting.googleapis.com/upload/sites/johnlin-beta/versions/8ae37b3e0f352785/files/8ce802d9aafac4454e09e237aac9817709945ebda6ed47848eaee1a72b246409 [stream]
[debug] [2023-09-29T16:18:15.511Z] <<< [apiv2][status] POST https://upload-firebasehosting.googleapis.com/upload/sites/johnlin-beta/versions/8ae37b3e0f352785/files/05612de5c68840dfa57b468067829985e4d5fa2c0a31f0dcfd4700b1f81ae279 200
[debug] [2023-09-29T16:18:15.511Z] <<< [apiv2][body] POST https://upload-firebasehosting.googleapis.com/upload/sites/johnlin-beta/versions/8ae37b3e0f352785/files/05612de5c68840dfa57b468067829985e4d5fa2c0a31f0dcfd4700b1f81ae279 [stream]
[debug] [2023-09-29T16:18:15.520Z] <<< [apiv2][status] POST https://upload-firebasehosting.googleapis.com/upload/sites/johnlin-beta/versions/8ae37b3e0f352785/files/0bfc5c88296dac4219a3e63a24fdb18d9f4216ff09ff3b83c4b953dccaf5d45d 200
[debug] [2023-09-29T16:18:15.520Z] <<< [apiv2][body] POST https://upload-firebasehosting.googleapis.com/upload/sites/johnlin-beta/versions/8ae37b3e0f352785/files/0bfc5c88296dac4219a3e63a24fdb18d9f4216ff09ff3b83c4b953dccaf5d45d [stream]
[debug] [2023-09-29T16:18:15.589Z] <<< [apiv2][status] POST https://upload-firebasehosting.googleapis.com/upload/sites/johnlin-beta/versions/8ae37b3e0f352785/files/dbaa5c543664e5998daa3bd78fabe4cbbb4edcfb0433afef163f61bd46aa4daf 200
[debug] [2023-09-29T16:18:15.589Z] <<< [apiv2][body] POST https://upload-firebasehosting.googleapis.com/upload/sites/johnlin-beta/versions/8ae37b3e0f352785/files/dbaa5c543664e5998daa3bd78fabe4cbbb4edcfb0433afef163f61bd46aa4daf [stream]
[debug] [2023-09-29T16:18:16.096Z] <<< [apiv2][status] POST https://upload-firebasehosting.googleapis.com/upload/sites/johnlin-beta/versions/8ae37b3e0f352785/files/995f0b44ba042fabf28680f571111a1fa1616f323ae84c7e13c27e8f6eaa1592 200
[debug] [2023-09-29T16:18:16.096Z] <<< [apiv2][body] POST https://upload-firebasehosting.googleapis.com/upload/sites/johnlin-beta/versions/8ae37b3e0f352785/files/995f0b44ba042fabf28680f571111a1fa1616f323ae84c7e13c27e8f6eaa1592 [stream]
[debug] [2023-09-29T16:18:16.205Z] <<< [apiv2][status] POST https://upload-firebasehosting.googleapis.com/upload/sites/johnlin-beta/versions/8ae37b3e0f352785/files/52a4e550d95c1307c9c7b67846870e20aa3f029006eb75fbe78d7672e8a08e36 200
[debug] [2023-09-29T16:18:16.205Z] <<< [apiv2][body] POST https://upload-firebasehosting.googleapis.com/upload/sites/johnlin-beta/versions/8ae37b3e0f352785/files/52a4e550d95c1307c9c7b67846870e20aa3f029006eb75fbe78d7672e8a08e36 [stream]
[debug] [2023-09-29T16:18:17.338Z] <<< [apiv2][status] POST https://upload-firebasehosting.googleapis.com/upload/sites/johnlin-beta/versions/8ae37b3e0f352785/files/a01ca160e8a4e909577caa2afa70a8790814cf1d9fdff9c7257657c0e7683195 200
[debug] [2023-09-29T16:18:17.338Z] <<< [apiv2][body] POST https://upload-firebasehosting.googleapis.com/upload/sites/johnlin-beta/versions/8ae37b3e0f352785/files/a01ca160e8a4e909577caa2afa70a8790814cf1d9fdff9c7257657c0e7683195 [stream]
[debug] [2023-09-29T16:33:04.257Z] ----------------------------------------------------------------------
[debug] [2023-09-29T16:33:04.259Z] Command:       /usr/local/bin/node /usr/local/bin/firebase deploy --only hosting:johnlin-beta
[debug] [2023-09-29T16:33:04.259Z] CLI Version:   12.5.4
[debug] [2023-09-29T16:33:04.259Z] Platform:      darwin
[debug] [2023-09-29T16:33:04.259Z] Node Version:  v18.13.0
[debug] [2023-09-29T16:33:04.262Z] Time:          Sat Sep 30 2023 00:33:04 GMT+0800 (台北標準時間)
[debug] [2023-09-29T16:33:04.262Z] ----------------------------------------------------------------------
[debug] 
[debug] [2023-09-29T16:33:04.298Z] > command requires scopes: ["email","openid","https://www.googleapis.com/auth/cloudplatformprojects.readonly","https://www.googleapis.com/auth/firebase","https://www.googleapis.com/auth/cloud-platform"]
[debug] [2023-09-29T16:33:04.298Z] > authorizing via signed-in user (johno1001741060168@gmail.com)
[debug] [2023-09-29T16:33:04.298Z] [iam] checking project johnlin10-web for permissions ["firebase.projects.get","firebasehosting.sites.update"]
[debug] [2023-09-29T16:33:04.299Z] >>> [apiv2][query] POST https://cloudresourcemanager.googleapis.com/v1/projects/johnlin10-web:testIamPermissions [none]
[debug] [2023-09-29T16:33:04.299Z] >>> [apiv2][(partial)header] POST https://cloudresourcemanager.googleapis.com/v1/projects/johnlin10-web:testIamPermissions x-goog-quota-user=projects/johnlin10-web
[debug] [2023-09-29T16:33:04.299Z] >>> [apiv2][body] POST https://cloudresourcemanager.googleapis.com/v1/projects/johnlin10-web:testIamPermissions {"permissions":["firebase.projects.get","firebasehosting.sites.update"]}
[debug] [2023-09-29T16:33:05.500Z] <<< [apiv2][status] POST https://cloudresourcemanager.googleapis.com/v1/projects/johnlin10-web:testIamPermissions 200
[debug] [2023-09-29T16:33:05.501Z] <<< [apiv2][body] POST https://cloudresourcemanager.googleapis.com/v1/projects/johnlin10-web:testIamPermissions {"permissions":["firebase.projects.get","firebasehosting.sites.update"]}
[debug] [2023-09-29T16:33:05.506Z] >>> [apiv2][query] GET https://firebase.googleapis.com/v1beta1/projects/johnlin10-web [none]
[debug] [2023-09-29T16:33:05.891Z] <<< [apiv2][status] GET https://firebase.googleapis.com/v1beta1/projects/johnlin10-web 200
[debug] [2023-09-29T16:33:05.892Z] <<< [apiv2][body] GET https://firebase.googleapis.com/v1beta1/projects/johnlin10-web {"projectId":"johnlin10-web","projectNumber":"773206161854","displayName":"johnlin10-web","name":"projects/johnlin10-web","resources":{"hostingSite":"johnlin10-web","storageBucket":"johnlin10-web.appspot.com","locationId":"asia-east1"},"state":"ACTIVE","etag":"1_55bd8ef1-91be-4194-991c-6f4fffd83bf7"}
[info] 
[info] === Deploying to 'johnlin10-web'...
[info] 
[info] i  deploying hosting 
[debug] [2023-09-29T16:33:05.900Z] >>> [apiv2][query] POST https://firebasehosting.googleapis.com/v1beta1/projects/-/sites/johnlin-beta/versions [none]
[debug] [2023-09-29T16:33:05.900Z] >>> [apiv2][body] POST https://firebasehosting.googleapis.com/v1beta1/projects/-/sites/johnlin-beta/versions {"status":"CREATED","labels":{"deployment-tool":"cli-firebase"}}
[debug] [2023-09-29T16:33:08.692Z] <<< [apiv2][status] POST https://firebasehosting.googleapis.com/v1beta1/projects/-/sites/johnlin-beta/versions 200
[debug] [2023-09-29T16:33:08.693Z] <<< [apiv2][body] POST https://firebasehosting.googleapis.com/v1beta1/projects/-/sites/johnlin-beta/versions {"name":"projects/773206161854/sites/johnlin-beta/versions/1f289f1b9c87cfe2","status":"CREATED","config":{},"labels":{"deployment-tool":"cli-firebase"}}
[info] i  hosting[johnlin-beta]: beginning deploy... 
[info] i  hosting[johnlin-beta]: found 14 files in build 
[debug] [2023-09-29T16:33:08.702Z] [hosting] uploading with 200 concurrency
[debug] [2023-09-29T16:33:10.118Z] [hosting] hash cache [YnVpbGQ] stored for 14 files
[debug] [2023-09-29T16:33:10.118Z] [hosting][hash queue][FINAL] {"max":1410,"min":6,"avg":117.71428571428571,"active":0,"complete":14,"success":14,"errored":0,"retried":0,"total":14,"elapsed":1413}
[debug] [2023-09-29T16:33:10.119Z] >>> [apiv2][query] POST https://firebasehosting.googleapis.com/v1beta1/projects/773206161854/sites/johnlin-beta/versions/1f289f1b9c87cfe2:populateFiles [none]
[debug] [2023-09-29T16:33:10.119Z] >>> [apiv2][body] POST https://firebasehosting.googleapis.com/v1beta1/projects/773206161854/sites/johnlin-beta/versions/1f289f1b9c87cfe2:populateFiles {"files":{"/index.html":"7c1497b7f75f64aaaa4feef2d1a4e7238872ce23874f94cf0fa344a38eec906e","/service-worker.js.LICENSE.txt":"5bcf7ad56e14554ea655f13f3a79ddf6fb23a153bf6028e5bfea9a7a6cd9154d","/asset-manifest.json":"cf6887a3d24f5a604fa4288116334d7ff4cb59d1ef1ce3c128e09c74f1fefa44","/theme.css":"9e269827ab9acf5604bb4a20ad77d9e47b87b1d05be937b54168b9a9ef16454d","/manifest.json":"fca84caa2d9af0ca9c2b84ce645ba2968c4d7a3d37553106c4c762ac4762e70d","/static/css/main.1dd9fb67.css.map":"05612de5c68840dfa57b468067829985e4d5fa2c0a31f0dcfd4700b1f81ae279","/static/css/main.1dd9fb67.css":"0bfc5c88296dac4219a3e63a24fdb18d9f4216ff09ff3b83c4b953dccaf5d45d","/service-worker.js":"5a2051cabbb99c6d28427c5255f638b69e693680a2cc6021fe56a341f9036187","/static/js/main.d147ecfb.js.LICENSE.txt":"022e2c4795078fca47108558ec8bcd64d77c0b34167d713daea8cf1626971389","/static/js/main.d147ecfb.js":"3c5266187e0c0ed032c5c00a5fe9cf0c227a0622e71c075c963b93b2d6037b9c","/service-worker.js.map":"5962425d970cd6302341fb7b53d390896bf7e886e09067858d167c3776017f95","/images/HomeBackground/HomeBackground.001.png":"51af83b605f9e07a5f94a91e5250ac04b1849aae2a0edb9da00cf4de8259af2a","/static/js/main.d147ecfb.js.map":"a9972421659ba3b5df565fad3d5f527494b04852a95d313641b666aa8e46085e","/assets/music.wav":"94b0ac9dfb332d40fc4fd4063567b89907ab1ae4a3df16cc48996121539ea209"}}
[debug] [2023-09-29T16:33:13.137Z] <<< [apiv2][status] POST https://firebasehosting.googleapis.com/v1beta1/projects/773206161854/sites/johnlin-beta/versions/1f289f1b9c87cfe2:populateFiles 200
[debug] [2023-09-29T16:33:13.138Z] <<< [apiv2][body] POST https://firebasehosting.googleapis.com/v1beta1/projects/773206161854/sites/johnlin-beta/versions/1f289f1b9c87cfe2:populateFiles {"uploadRequiredHashes":["cf6887a3d24f5a604fa4288116334d7ff4cb59d1ef1ce3c128e09c74f1fefa44","a9972421659ba3b5df565fad3d5f527494b04852a95d313641b666aa8e46085e","94b0ac9dfb332d40fc4fd4063567b89907ab1ae4a3df16cc48996121539ea209","7c1497b7f75f64aaaa4feef2d1a4e7238872ce23874f94cf0fa344a38eec906e","3c5266187e0c0ed032c5c00a5fe9cf0c227a0622e71c075c963b93b2d6037b9c","5a2051cabbb99c6d28427c5255f638b69e693680a2cc6021fe56a341f9036187"],"uploadUrl":"https://upload-firebasehosting.googleapis.com/upload/sites/johnlin-beta/versions/1f289f1b9c87cfe2/files"}
[debug] [2023-09-29T16:33:13.141Z] >>> [apiv2][query] POST https://upload-firebasehosting.googleapis.com/upload/sites/johnlin-beta/versions/1f289f1b9c87cfe2/files/cf6887a3d24f5a604fa4288116334d7ff4cb59d1ef1ce3c128e09c74f1fefa44 [none]
[debug] [2023-09-29T16:33:13.141Z] >>> [apiv2][body] POST https://upload-firebasehosting.googleapis.com/upload/sites/johnlin-beta/versions/1f289f1b9c87cfe2/files/cf6887a3d24f5a604fa4288116334d7ff4cb59d1ef1ce3c128e09c74f1fefa44 [stream]
[debug] [2023-09-29T16:33:13.143Z] >>> [apiv2][query] POST https://upload-firebasehosting.googleapis.com/upload/sites/johnlin-beta/versions/1f289f1b9c87cfe2/files/a9972421659ba3b5df565fad3d5f527494b04852a95d313641b666aa8e46085e [none]
[debug] [2023-09-29T16:33:13.143Z] >>> [apiv2][body] POST https://upload-firebasehosting.googleapis.com/upload/sites/johnlin-beta/versions/1f289f1b9c87cfe2/files/a9972421659ba3b5df565fad3d5f527494b04852a95d313641b666aa8e46085e [stream]
[debug] [2023-09-29T16:33:13.144Z] >>> [apiv2][query] POST https://upload-firebasehosting.googleapis.com/upload/sites/johnlin-beta/versions/1f289f1b9c87cfe2/files/94b0ac9dfb332d40fc4fd4063567b89907ab1ae4a3df16cc48996121539ea209 [none]
[debug] [2023-09-29T16:33:13.144Z] >>> [apiv2][body] POST https://upload-firebasehosting.googleapis.com/upload/sites/johnlin-beta/versions/1f289f1b9c87cfe2/files/94b0ac9dfb332d40fc4fd4063567b89907ab1ae4a3df16cc48996121539ea209 [stream]
[debug] [2023-09-29T16:33:13.145Z] >>> [apiv2][query] POST https://upload-firebasehosting.googleapis.com/upload/sites/johnlin-beta/versions/1f289f1b9c87cfe2/files/7c1497b7f75f64aaaa4feef2d1a4e7238872ce23874f94cf0fa344a38eec906e [none]
[debug] [2023-09-29T16:33:13.145Z] >>> [apiv2][body] POST https://upload-firebasehosting.googleapis.com/upload/sites/johnlin-beta/versions/1f289f1b9c87cfe2/files/7c1497b7f75f64aaaa4feef2d1a4e7238872ce23874f94cf0fa344a38eec906e [stream]
[debug] [2023-09-29T16:33:13.145Z] >>> [apiv2][query] POST https://upload-firebasehosting.googleapis.com/upload/sites/johnlin-beta/versions/1f289f1b9c87cfe2/files/3c5266187e0c0ed032c5c00a5fe9cf0c227a0622e71c075c963b93b2d6037b9c [none]
[debug] [2023-09-29T16:33:13.145Z] >>> [apiv2][body] POST https://upload-firebasehosting.googleapis.com/upload/sites/johnlin-beta/versions/1f289f1b9c87cfe2/files/3c5266187e0c0ed032c5c00a5fe9cf0c227a0622e71c075c963b93b2d6037b9c [stream]
[debug] [2023-09-29T16:33:13.146Z] >>> [apiv2][query] POST https://upload-firebasehosting.googleapis.com/upload/sites/johnlin-beta/versions/1f289f1b9c87cfe2/files/5a2051cabbb99c6d28427c5255f638b69e693680a2cc6021fe56a341f9036187 [none]
[debug] [2023-09-29T16:33:13.146Z] >>> [apiv2][body] POST https://upload-firebasehosting.googleapis.com/upload/sites/johnlin-beta/versions/1f289f1b9c87cfe2/files/5a2051cabbb99c6d28427c5255f638b69e693680a2cc6021fe56a341f9036187 [stream]
[debug] [2023-09-29T16:33:13.146Z] [hosting][populate queue][FINAL] {"max":3025,"min":3025,"avg":3025,"active":0,"complete":1,"success":1,"errored":0,"retried":0,"total":1,"elapsed":3030}
[debug] [2023-09-29T16:33:13.146Z] [hosting] uploads queued: 6
[debug] [2023-09-29T16:33:14.253Z] <<< [apiv2][status] POST https://upload-firebasehosting.googleapis.com/upload/sites/johnlin-beta/versions/1f289f1b9c87cfe2/files/cf6887a3d24f5a604fa4288116334d7ff4cb59d1ef1ce3c128e09c74f1fefa44 200
[debug] [2023-09-29T16:33:14.254Z] <<< [apiv2][body] POST https://upload-firebasehosting.googleapis.com/upload/sites/johnlin-beta/versions/1f289f1b9c87cfe2/files/cf6887a3d24f5a604fa4288116334d7ff4cb59d1ef1ce3c128e09c74f1fefa44 [stream]
[debug] [2023-09-29T16:33:14.429Z] <<< [apiv2][status] POST https://upload-firebasehosting.googleapis.com/upload/sites/johnlin-beta/versions/1f289f1b9c87cfe2/files/5a2051cabbb99c6d28427c5255f638b69e693680a2cc6021fe56a341f9036187 200
[debug] [2023-09-29T16:33:14.429Z] <<< [apiv2][body] POST https://upload-firebasehosting.googleapis.com/upload/sites/johnlin-beta/versions/1f289f1b9c87cfe2/files/5a2051cabbb99c6d28427c5255f638b69e693680a2cc6021fe56a341f9036187 [stream]
[debug] [2023-09-29T16:33:14.555Z] <<< [apiv2][status] POST https://upload-firebasehosting.googleapis.com/upload/sites/johnlin-beta/versions/1f289f1b9c87cfe2/files/3c5266187e0c0ed032c5c00a5fe9cf0c227a0622e71c075c963b93b2d6037b9c 200
[debug] [2023-09-29T16:33:14.555Z] <<< [apiv2][body] POST https://upload-firebasehosting.googleapis.com/upload/sites/johnlin-beta/versions/1f289f1b9c87cfe2/files/3c5266187e0c0ed032c5c00a5fe9cf0c227a0622e71c075c963b93b2d6037b9c [stream]
[debug] [2023-09-29T16:33:14.875Z] <<< [apiv2][status] POST https://upload-firebasehosting.googleapis.com/upload/sites/johnlin-beta/versions/1f289f1b9c87cfe2/files/a9972421659ba3b5df565fad3d5f527494b04852a95d313641b666aa8e46085e 200
[debug] [2023-09-29T16:33:14.875Z] <<< [apiv2][body] POST https://upload-firebasehosting.googleapis.com/upload/sites/johnlin-beta/versions/1f289f1b9c87cfe2/files/a9972421659ba3b5df565fad3d5f527494b04852a95d313641b666aa8e46085e [stream]
[debug] [2023-09-29T16:33:14.902Z] <<< [apiv2][status] POST https://upload-firebasehosting.googleapis.com/upload/sites/johnlin-beta/versions/1f289f1b9c87cfe2/files/7c1497b7f75f64aaaa4feef2d1a4e7238872ce23874f94cf0fa344a38eec906e 200
[debug] [2023-09-29T16:33:14.902Z] <<< [apiv2][body] POST https://upload-firebasehosting.googleapis.com/upload/sites/johnlin-beta/versions/1f289f1b9c87cfe2/files/7c1497b7f75f64aaaa4feef2d1a4e7238872ce23874f94cf0fa344a38eec906e [stream]
